
> rootedu-platform@0.1.0 dev
> next dev --turbopack

 âš  Port 3000 is in use by process 2807
33576, using available port 3001 instead.
   â–² Next.js 15.4.6 (Turbopack)
   - Local:        http://localhost:3001
   - Network:      http://192.168.200.145:3001
   - Environments: .env.local

 âœ“ Starting...
 âœ“ Ready in 787ms
 â—‹ Compiling /api/auth/register ...
 âœ“ Compiled /api/auth/register in 672ms
 POST /api/auth/register 400 in 782ms
New Redis client connected successfully
 POST /api/auth/register 201 in 1395ms
 âœ“ Compiled /api/auth/[...nextauth] in 132ms
 POST /api/auth/signin 200 in 410ms
   Reload env: .env.local
   Reload env: .env.local
   Reload env: .env.local
 POST /api/auth/signin 200 in 67ms
   Reload env: .env.local
[Error: read ECONNRESET] {
  errno: -54,
  code: 'ECONNRESET',
  syscall: 'read'
}
 â¨¯ uncaughtException: [Error: read ECONNRESET] {
  errno: -54,
  code: 'ECONNRESET',
  syscall: 'read'
}
 â¨¯ uncaughtException:  [Error: read ECONNRESET] {
  errno: -54,
  code: 'ECONNRESET',
  syscall: 'read'
}

-----
[1m[31mFATAL[39m[0m: An unexpected Turbopack error occurred. A panic log has been written to /var/folders/n4/7fjjy8hx20n4b2xcmq_dgwt80000gn/T/next-panic-bc12293e4193117880d31ffb2e4cd0b8.log.

To help make Turbopack better, report this error by ]8;;https://github.com/vercel/next.js/discussions/new?category=turbopack-error-report&title=Turbopack%20Error%3A%20Next.js%20package%20not%20found&body=Turbopack%20version%3A%20%60v15.4.5-2-g91e5b6b84%60%0ANext.js%20version%3A%20%600.0.0%60%0A%0AError%20message%3A%0A%60%60%60%0ANext.js%20package%20not%20found%0A%0ADebug%20info%3A%0A-%20Execution%20of%20get_entrypoints_with_issues_operation%20failed%0A-%20Execution%20of%20EntrypointsOperation%3A%3Anew%20failed%0A-%20Execution%20of%20Project%3A%3Aentrypoints%20failed%0A-%20Execution%20of%20AppProject%3A%3Aroutes%20failed%0A-%20Execution%20of%20directory_tree_to_entrypoints_internal%20failed%0A-%20Execution%20of%20directory_tree_to_loader_tree%20failed%0A-%20Execution%20of%20get_next_package%20failed%0A-%20Next.js%20package%20not%20found%0A%60%60%60&labels=Turbopack,Turbopack%20Panic%20Backtrace\clicking here.]8;;\
-----

[Error [TurbopackInternalError]: Next.js package not found

Debug info:
- Execution of get_entrypoints_with_issues_operation failed
- Execution of EntrypointsOperation::new failed
- Execution of Project::entrypoints failed
- Execution of AppProject::routes failed
- Execution of directory_tree_to_entrypoints_internal failed
- Execution of directory_tree_to_loader_tree failed
- Execution of get_next_package failed
- Next.js package not found]
[?25h
